<?xml version="1.0" encoding="UTF-8"?>
<testng-results ignored="0" total="1" passed="1" failed="0" skipped="0">
  <reporter-output>
  </reporter-output>
  <suite started-at="2025-04-12T22:44:55 IST" name="Default suite" finished-at="2025-04-12T22:44:56 IST" duration-ms="1219">
    <groups>
    </groups>
    <test started-at="2025-04-12T22:44:55 IST" name="Default test" finished-at="2025-04-12T22:44:56 IST" duration-ms="1219">
      <class name="Day3.LoggingDemo">
        <test-method signature="LoggingConcept()[pri:0, instance:Day3.LoggingDemo@368f2016]" started-at="2025-04-12T22:44:55 IST" name="LoggingConcept" finished-at="2025-04-12T22:44:56 IST" duration-ms="1187" status="PASS">
          <reporter-output>
          </reporter-output>
        </test-method> <!-- LoggingConcept -->
      </class> <!-- Day3.LoggingDemo -->
    </test> <!-- Default test -->
  </suite> <!-- Default suite -->
</testng-results>
